<?xml version="1.0" encoding="UTF-8"?>
<!-- Generated by org.testng.reporters.JUnitReportReporter -->
<testsuite hostname="Abhishek" failures="0" tests="2" name="tests.LoginTest" time="9.517" errors="0" timestamp="2025-03-26T10:39:43 IST" skipped="0">
  <testcase classname="tests.LoginTest" name="testInvalidLogin" time="5.052"/>
  <system-out/>
  <testcase classname="tests.LoginTest" name="testValidLogin" time="4.465"/>
  <system-out/>
</testsuite> <!-- tests.LoginTest -->
