<?xml version="1.0" encoding="UTF-8"?>
<!-- Generated by org.testng.reporters.JUnitReportReporter -->
<testsuite hostname="Abhishek" failures="0" tests="2" name="tests.LoginTest" time="8.609" errors="0" timestamp="2025-03-26T10:04:59 IST" skipped="0">
  <testcase classname="tests.LoginTest" name="testInvalidLogin" time="4.657"/>
  <system-out/>
  <testcase classname="tests.LoginTest" name="testValidLogin" time="3.952"/>
  <system-out/>
</testsuite> <!-- tests.LoginTest -->
