<?xml version="1.0" encoding="UTF-8"?>
<!-- Generated by org.testng.reporters.JUnitReportReporter -->
<testsuite hostname="Abhishek" failures="0" tests="2" name="tests.LoginTest" time="9.139" errors="0" timestamp="2025-03-26T10:38:47 IST" skipped="0">
  <testcase classname="tests.LoginTest" name="testInvalidLogin" time="4.746"/>
  <system-out/>
  <testcase classname="tests.LoginTest" name="testValidLogin" time="4.393"/>
  <system-out/>
</testsuite> <!-- tests.LoginTest -->
