<?xml version="1.0" encoding="UTF-8"?>
<!-- Generated by org.testng.reporters.JUnitReportReporter -->
<testsuite hostname="Abhishek" failures="0" tests="2" name="tests.LoginTest" time="7.892" errors="0" timestamp="2025-03-26T09:24:32 IST" skipped="0">
  <testcase classname="tests.LoginTest" name="testValidLogin" time="3.327"/>
  <system-out/>
  <testcase classname="tests.LoginTest" name="testInvalidLogin" time="4.565"/>
  <system-out/>
</testsuite> <!-- tests.LoginTest -->
